<?xml version="1.0" encoding="UTF-8"?>
<testsuite name="com.FabsesyaMuhammadJBusAF.FabsesyaMuhammadJBusAfApplicationTests" tests="1" skipped="0" failures="0" errors="0" timestamp="2023-11-23T14:17:16" hostname="LAPTOP-10I5TK9A" time="0.435">
  <properties/>
  <testcase name="contextLoads()" classname="com.FabsesyaMuhammadJBusAF.FabsesyaMuhammadJBusAfApplicationTests" time="0.435"/>
  <system-out><![CDATA[21:17:14.288 [Test worker] DEBUG org.springframework.test.context.BootstrapUtils - Instantiating CacheAwareContextLoaderDelegate from class [org.springframework.test.context.cache.DefaultCacheAwareContextLoaderDelegate]
21:17:14.303 [Test worker] DEBUG org.springframework.test.context.BootstrapUtils - Instantiating BootstrapContext using constructor [public org.springframework.test.context.support.DefaultBootstrapContext(java.lang.Class,org.springframework.test.context.CacheAwareContextLoaderDelegate)]
21:17:14.350 [Test worker] DEBUG org.springframework.test.context.BootstrapUtils - Instantiating TestContextBootstrapper for test class [com.FabsesyaMuhammadJBusAF.FabsesyaMuhammadJBusAfApplicationTests] from class [org.springframework.boot.test.context.SpringBootTestContextBootstrapper]
21:17:14.364 [Test worker] INFO org.springframework.boot.test.context.SpringBootTestContextBootstrapper - Neither @ContextConfiguration nor @ContextHierarchy found for test class [com.FabsesyaMuhammadJBusAF.FabsesyaMuhammadJBusAfApplicationTests], using SpringBootContextLoader
21:17:14.368 [Test worker] DEBUG org.springframework.test.context.support.AbstractContextLoader - Did not detect default resource location for test class [com.FabsesyaMuhammadJBusAF.FabsesyaMuhammadJBusAfApplicationTests]: class path resource [com/FabsesyaMuhammadJBusAF/FabsesyaMuhammadJBusAfApplicationTests-context.xml] does not exist
21:17:14.369 [Test worker] DEBUG org.springframework.test.context.support.AbstractContextLoader - Did not detect default resource location for test class [com.FabsesyaMuhammadJBusAF.FabsesyaMuhammadJBusAfApplicationTests]: class path resource [com/FabsesyaMuhammadJBusAF/FabsesyaMuhammadJBusAfApplicationTestsContext.groovy] does not exist
21:17:14.371 [Test worker] INFO org.springframework.test.context.support.AbstractContextLoader - Could not detect default resource locations for test class [com.FabsesyaMuhammadJBusAF.FabsesyaMuhammadJBusAfApplicationTests]: no resource found for suffixes {-context.xml, Context.groovy}.
21:17:14.371 [Test worker] INFO org.springframework.test.context.support.AnnotationConfigContextLoaderUtils - Could not detect default configuration classes for test class [com.FabsesyaMuhammadJBusAF.FabsesyaMuhammadJBusAfApplicationTests]: FabsesyaMuhammadJBusAfApplicationTests does not declare any static, non-private, non-final, nested classes annotated with @Configuration.
21:17:14.419 [Test worker] DEBUG org.springframework.test.context.support.ActiveProfilesUtils - Could not find an 'annotation declaring class' for annotation type [org.springframework.test.context.ActiveProfiles] and class [com.FabsesyaMuhammadJBusAF.FabsesyaMuhammadJBusAfApplicationTests]
21:17:14.500 [Test worker] DEBUG org.springframework.context.annotation.ClassPathScanningCandidateComponentProvider - Identified candidate component class: file [C:\Users\asus\Downloads\OOP\JBus\build\classes\java\main\com\FabsesyaMuhammadJBusAF\JBus.class]
21:17:14.504 [Test worker] INFO org.springframework.boot.test.context.SpringBootTestContextBootstrapper - Found @SpringBootConfiguration com.FabsesyaMuhammadJBusAF.JBus for test class com.FabsesyaMuhammadJBusAF.FabsesyaMuhammadJBusAfApplicationTests
21:17:14.639 [Test worker] DEBUG org.springframework.boot.test.context.SpringBootTestContextBootstrapper - @TestExecutionListeners is not present for class [com.FabsesyaMuhammadJBusAF.FabsesyaMuhammadJBusAfApplicationTests]: using defaults.
21:17:14.639 [Test worker] INFO org.springframework.boot.test.context.SpringBootTestContextBootstrapper - Loaded default TestExecutionListener class names from location [META-INF/spring.factories]: [org.springframework.boot.test.autoconfigure.restdocs.RestDocsTestExecutionListener, org.springframework.boot.test.autoconfigure.web.client.MockRestServiceServerResetTestExecutionListener, org.springframework.boot.test.autoconfigure.web.servlet.MockMvcPrintOnlyOnFailureTestExecutionListener, org.springframework.boot.test.autoconfigure.web.servlet.WebDriverTestExecutionListener, org.springframework.boot.test.autoconfigure.webservices.client.MockWebServiceServerTestExecutionListener, org.springframework.boot.test.mock.mockito.MockitoTestExecutionListener, org.springframework.boot.test.mock.mockito.ResetMocksTestExecutionListener, org.springframework.test.context.web.ServletTestExecutionListener, org.springframework.test.context.support.DirtiesContextBeforeModesTestExecutionListener, org.springframework.test.context.event.ApplicationEventsTestExecutionListener, org.springframework.test.context.support.DependencyInjectionTestExecutionListener, org.springframework.test.context.support.DirtiesContextTestExecutionListener, org.springframework.test.context.transaction.TransactionalTestExecutionListener, org.springframework.test.context.jdbc.SqlScriptsTestExecutionListener, org.springframework.test.context.event.EventPublishingTestExecutionListener]
21:17:14.652 [Test worker] DEBUG org.springframework.boot.test.context.SpringBootTestContextBootstrapper - Skipping candidate TestExecutionListener [org.springframework.test.context.transaction.TransactionalTestExecutionListener] due to a missing dependency. Specify custom listener classes or make the default listener classes and their required dependencies available. Offending class: [org/springframework/transaction/interceptor/TransactionAttributeSource]
21:17:14.653 [Test worker] DEBUG org.springframework.boot.test.context.SpringBootTestContextBootstrapper - Skipping candidate TestExecutionListener [org.springframework.test.context.jdbc.SqlScriptsTestExecutionListener] due to a missing dependency. Specify custom listener classes or make the default listener classes and their required dependencies available. Offending class: [org/springframework/transaction/interceptor/TransactionAttribute]
21:17:14.653 [Test worker] INFO org.springframework.boot.test.context.SpringBootTestContextBootstrapper - Using TestExecutionListeners: [org.springframework.test.context.web.ServletTestExecutionListener@372b0d86, org.springframework.test.context.support.DirtiesContextBeforeModesTestExecutionListener@47747fb9, org.springframework.test.context.event.ApplicationEventsTestExecutionListener@3113a37, org.springframework.boot.test.mock.mockito.MockitoTestExecutionListener@213e3629, org.springframework.boot.test.autoconfigure.SpringBootDependencyInjectionTestExecutionListener@4e9658b5, org.springframework.test.context.support.DirtiesContextTestExecutionListener@2a7b6f69, org.springframework.test.context.event.EventPublishingTestExecutionListener@20312893, org.springframework.boot.test.autoconfigure.restdocs.RestDocsTestExecutionListener@70eecdc2, org.springframework.boot.test.autoconfigure.web.client.MockRestServiceServerResetTestExecutionListener@c41709a, org.springframework.boot.test.autoconfigure.web.servlet.MockMvcPrintOnlyOnFailureTestExecutionListener@7db0565c, org.springframework.boot.test.autoconfigure.web.servlet.WebDriverTestExecutionListener@54ec8cc9, org.springframework.boot.test.autoconfigure.webservices.client.MockWebServiceServerTestExecutionListener@52eacb4b, org.springframework.boot.test.mock.mockito.ResetMocksTestExecutionListener@5528a42c]
21:17:14.658 [Test worker] DEBUG org.springframework.test.context.support.AbstractDirtiesContextTestExecutionListener - Before test class: context [DefaultTestContext@22680f52 testClass = FabsesyaMuhammadJBusAfApplicationTests, testInstance = [null], testMethod = [null], testException = [null], mergedContextConfiguration = [WebMergedContextConfiguration@60d84f61 testClass = FabsesyaMuhammadJBusAfApplicationTests, locations = '{}', classes = '{class com.FabsesyaMuhammadJBusAF.JBus}', contextInitializerClasses = '[]', activeProfiles = '{}', propertySourceLocations = '{}', propertySourceProperties = '{org.springframework.boot.test.context.SpringBootTestContextBootstrapper=true}', contextCustomizers = set[org.springframework.boot.test.autoconfigure.actuate.metrics.MetricsExportContextCustomizerFactory$DisableMetricExportContextCustomizer@5c00384f, org.springframework.boot.test.autoconfigure.properties.PropertyMappingContextCustomizer@0, org.springframework.boot.test.autoconfigure.web.servlet.WebDriverContextCustomizerFactory$Customizer@52045dbe, org.springframework.boot.test.context.filter.ExcludeFilterContextCustomizer@73163d48, org.springframework.boot.test.json.DuplicateJsonObjectContextCustomizerFactory$DuplicateJsonObjectContextCustomizer@62f4ff3b, org.springframework.boot.test.mock.mockito.MockitoContextCustomizer@0, org.springframework.boot.test.web.client.TestRestTemplateContextCustomizer@67ab1c47, org.springframework.boot.test.context.SpringBootTestArgs@1, org.springframework.boot.test.context.SpringBootTestWebEnvironment@13d9cbf5], resourceBasePath = 'src/main/webapp', contextLoader = 'org.springframework.boot.test.context.SpringBootContextLoader', parent = [null]], attributes = map['org.springframework.test.context.web.ServletTestExecutionListener.activateListener' -> true]], class annotated with @DirtiesContext [false] with mode [null].

  .   ____          _            __ _ _
 /\\ / ___'_ __ _ _(_)_ __  __ _ \ \ \ \
( ( )\___ | '_ | '_| | '_ \/ _` | \ \ \ \
 \\/  ___)| |_)| | | | | || (_| |  ) ) ) )
  '  |____| .__|_| |_|_| |_\__, | / / / /
 =========|_|==============|___/=/_/_/_/
 :: Spring Boot ::               (v2.7.17)

2023-11-23 21:17:15.071  INFO 15328 --- [    Test worker] F.FabsesyaMuhammadJBusAfApplicationTests : Starting FabsesyaMuhammadJBusAfApplicationTests using Java 11.0.20.1 on LAPTOP-10I5TK9A with PID 15328 (started by asus in C:\Users\asus\Downloads\OOP\JBus)
2023-11-23 21:17:15.072  INFO 15328 --- [    Test worker] F.FabsesyaMuhammadJBusAfApplicationTests : No active profile set, falling back to 1 default profile: "default"
2023-11-23 21:17:16.968  INFO 15328 --- [    Test worker] F.FabsesyaMuhammadJBusAfApplicationTests : Started FabsesyaMuhammadJBusAfApplicationTests in 2.269 seconds (JVM running for 4.044)
]]></system-out>
  <system-err><![CDATA[]]></system-err>
</testsuite>
